time="2025-09-18T22:24:12+02:00" level=info msg="- - - - - - - - - - - - - - -"
time="2025-09-18T22:24:12+02:00" level=info msg="daemon started by colima"
time="2025-09-18T22:24:12+02:00" level=info msg="Run `/usr/bin/pkill -F /Users/iris/.config/colima/default/daemon/daemon.pid` to kill the daemon"
time="2025-09-18T22:24:12+02:00" level=info msg="waiting for VM to start" context=inotify
time="2025-09-18T22:24:12+02:00" level=info msg="waiting 5 secs for VM" context=inotify
time="2025-09-18T22:24:17+02:00" level=info msg="waiting 5 secs for VM" context=inotify
time="2025-09-18T22:24:22+02:00" level=info msg="waiting 5 secs for VM" context=inotify
time="2025-09-18T22:24:27+02:00" level=info msg="waiting 5 secs for VM" context=inotify
time="2025-09-18T22:24:33+02:00" level=info msg="waiting 5 secs for VM" context=inotify
time="2025-09-18T22:24:38+02:00" level=info msg="waiting 5 secs for VM" context=inotify
time="2025-09-18T22:24:43+02:00" level=info msg="waiting 5 secs for VM" context=inotify
time="2025-09-18T22:24:48+02:00" level=info msg="VM started" context=inotify
time="2025-09-18T22:28:48+02:00" level=info msg="terminate signal received"
time="2025-09-18T22:28:48+02:00" level=error msg="error starting inotify: context canceled"
time="2025-09-18T22:28:48+02:00" level=fatal msg="context canceled"
time="2025-09-18T22:29:13+02:00" level=info msg="- - - - - - - - - - - - - - -"
time="2025-09-18T22:29:13+02:00" level=info msg="daemon started by colima"
time="2025-09-18T22:29:13+02:00" level=info msg="Run `/usr/bin/pkill -F /Users/iris/.config/colima/default/daemon/daemon.pid` to kill the daemon"
time="2025-09-18T22:29:13+02:00" level=info msg="waiting for VM to start" context=inotify
time="2025-09-18T22:29:13+02:00" level=info msg="waiting 5 secs for VM" context=inotify
time="2025-09-18T22:29:18+02:00" level=info msg="waiting 5 secs for VM" context=inotify
time="2025-09-18T22:29:23+02:00" level=info msg="VM started" context=inotify
time="2025-09-18T22:34:56+02:00" level=info msg="terminate signal received"
time="2025-09-18T22:34:56+02:00" level=error msg="error starting inotify: context canceled"
time="2025-09-18T22:34:56+02:00" level=fatal msg="context canceled"
time="2025-09-18T22:35:18+02:00" level=info msg="- - - - - - - - - - - - - - -"
time="2025-09-18T22:35:18+02:00" level=info msg="daemon started by colima"
time="2025-09-18T22:35:18+02:00" level=info msg="Run `/usr/bin/pkill -F /Users/iris/.config/colima/default/daemon/daemon.pid` to kill the daemon"
time="2025-09-18T22:35:18+02:00" level=info msg="waiting for VM to start" context=inotify
time="2025-09-18T22:35:18+02:00" level=info msg="waiting 5 secs for VM" context=inotify
time="2025-09-18T22:35:23+02:00" level=info msg="VM started" context=inotify
time="2025-10-04T22:01:13+02:00" level=error msg="error fetching docker volumes: error listing containers: error running [lima docker ps -q], output: \"panic: user: unknown userid 501\", err: \"exit status 2\"" context=inotify
time="2025-10-04T22:01:19+02:00" level=error msg="error fetching docker volumes: error listing containers: error running [lima docker ps -q], output: \"panic: user: unknown userid 501\", err: \"exit status 2\"" context=inotify
time="2025-10-04T22:01:23+02:00" level=info msg="terminate signal received"
time="2025-10-04T22:01:23+02:00" level=error msg="error starting inotify: context canceled"
time="2025-10-04T22:01:23+02:00" level=fatal msg="context canceled"
